[0m[[0m[0mdebug[0m] [0m[0m> Exec(all {file:/Users/peace/Projects/Learning/cs/nand2tetris/assembler/}root/products {file:/Users/peace/Projects/Learning/cs/nand2tetris/assembler/}root/test:products, None, None)[0m
[0m[[0m[0mdebug[0m] [0m[0mEvaluating tasks: Compile / products, Test / products[0m
[0m[[0m[0mdebug[0m] [0m[0mRunning task... Cancel: Signal, check cycles: false, forcegc: true[0m
[0m[[0m[0minfo[0m] [0m[0mcompiling 3 Scala sources to /Users/peace/Projects/Learning/cs/nand2tetris/assembler/target/scala-2.13/classes ...[0m
[0m[[0m[31merror[0m] [0m[0m/Users/peace/Projects/Learning/cs/nand2tetris/assembler/src/main/scala/CodeModule.scala:5:27: missing parameter type for expanded function[0m
[0m[[0m[31merror[0m] [0m[0mThe argument types of an anonymous function must be fully known. (SLS 8.5)[0m
[0m[[0m[31merror[0m] [0m[0mExpected type was: ?[0m
[0m[[0m[31merror[0m] [0m[0m  private val destBinary ={[0m
[0m[[0m[31merror[0m] [0m[0m                          ^[0m
[0m[[0m[31merror[0m] [0m[0m/Users/peace/Projects/Learning/cs/nand2tetris/assembler/src/main/scala/CodeModule.scala:17:27: missing parameter type for expanded function[0m
[0m[[0m[31merror[0m] [0m[0mThe argument types of an anonymous function must be fully known. (SLS 8.5)[0m
[0m[[0m[31merror[0m] [0m[0mExpected type was: ?[0m
[0m[[0m[31merror[0m] [0m[0m  private val compBinary ={[0m
[0m[[0m[31merror[0m] [0m[0m                          ^[0m
[0m[[0m[31merror[0m] [0m[0m/Users/peace/Projects/Learning/cs/nand2tetris/assembler/src/main/scala/CodeModule.scala:49:27: missing parameter type for expanded function[0m
[0m[[0m[31merror[0m] [0m[0mThe argument types of an anonymous function must be fully known. (SLS 8.5)[0m
[0m[[0m[31merror[0m] [0m[0mExpected type was: ?[0m
[0m[[0m[31merror[0m] [0m[0m  private val jumpBinary ={[0m
[0m[[0m[31merror[0m] [0m[0m                          ^[0m
[0m[[0m[31merror[0m] [0m[0mthree errors found[0m
[0m[[0m[31merror[0m] [0m[0m(Compile / [31mcompileIncremental[0m) Compilation failed[0m
[0m[[0m[31merror[0m] [0m[0mTotal time: 6 s, completed 2022/05/06 5:14:03[0m
[0m[[0m[0mdebug[0m] [0m[0m> Exec(idea-shell, None, None)[0m
