[debug] > Exec(;reload; set _root_.org.jetbrains.sbt.StructureKeys.sbtStructureOptions in Global := "download" ;preferScala2;*/*:dumpStructureTo C:/Users/d.takahashi/AppData/Local/Temp/sbt-structure.xml; session clear-all, None, None)
[debug] > Exec(reload, None, None)
[debug] > Exec(sbtStashOnFailure, None, None)
[debug] > Exec(onFailure loadFailed, None, None)
[debug] > Exec(loadp, None, None)
[info] welcome to sbt 1.6.2 (Oracle Corporation Java 16.0.1)
[debug]       Load.loadUnit: plugins took 25.4483ms
[debug]       Load.loadUnit: defsScala took 0.0028ms
[debug] [Loading] Scanning directory C:\Users\d.takahashi\.sbt\1.0\plugins
[debug] [Loading] Found non-root projects 
[debug] [Loading] Done in C:\Users\d.takahashi\.sbt\1.0\plugins, returning: ()
[debug] deducing auto plugins based on known facts Set(Atom(sbt.plugins.CorePlugin)) and clauses Clauses(Clause(Atom(sbt.plugins.JvmPlugin),Set(Atom(sbt.plugins.IvyPlugin)))
[debug] Clause(Atom(sbt.ScriptedPlugin),Set(Atom(sbt.plugins.JvmPlugin)))
[debug] Clause(Atom(sbt.plugins.SbtPlugin),Set(Atom(sbt.ScriptedPlugin)))
[debug] Clause(Atom(sbt.plugins.SemanticdbPlugin),Set(Atom(sbt.plugins.JvmPlugin)))
[debug] Clause(Atom(sbt.plugins.JUnitXmlReportPlugin),Set(Atom(sbt.plugins.JvmPlugin)))
[debug] Clause(Atom(sbt.plugins.MiniDependencyTreePlugin),Set(Atom(sbt.plugins.JvmPlugin)))
[debug] Clause(Atom(sbt.plugins.CorePlugin),Set(Atom(sbt.plugins.IvyPlugin)))
[debug] Clause(Atom(sbt.plugins.IvyPlugin),Set(Atom(sbt.plugins.JvmPlugin)))
[debug] Clause(Atom(sbt.plugins.JvmPlugin),Set(Atom(sbt.plugins.SemanticdbPlugin)))
[debug] Clause(Atom(sbt.plugins.JvmPlugin),Set(Atom(sbt.plugins.JUnitXmlReportPlugin)))
[debug] Clause(Atom(sbt.plugins.CorePlugin),Set(Atom(sbt.plugins.Giter8TemplatePlugin)))
[debug] Clause(Atom(sbt.plugins.JvmPlugin),Set(Atom(sbt.plugins.MiniDependencyTreePlugin))))
[debug]   :: deduced result: Matched(sbt.plugins.CorePlugin,sbt.plugins.Giter8TemplatePlugin,sbt.plugins.IvyPlugin,sbt.plugins.JvmPlugin,sbt.plugins.MiniDependencyTreePlugin,sbt.plugins.JUnitXmlReportPlugin,sbt.plugins.SemanticdbPlugin)
[debug] Plugins.deducer#function took 1.4522 ms
[debug]           Load.resolveProject(global-plugins) took 0.9386ms
[debug]         Load.loadTransitive: finalizeProject(Project(id global-plugins, base: C:\Users\d.takahashi\.sbt\1.0\plugins, plugins: List(<none>))) took 2.8229ms
[debug] [Loading] Done in C:\Users\d.takahashi\.sbt\1.0\plugins, returning: (global-plugins)
[debug]       Load.loadUnit: loadedProjectsRaw took 3.9663ms
[debug]       Load.loadUnit: cleanEvalClasses took 0.0074ms
[debug]     Load.loadUnit(file:/C:/Users/d.takahashi/.sbt/1.0/plugins/, ...) took 31.2725ms
[debug]   Load.apply: load took 32.5564ms
[debug]   Load.apply: resolveProjects took 0.0915ms
[debug]   Load.apply: finalTransforms took 13.0256ms
[debug]   Load.apply: config.delegates took 0.4991ms
[debug]   Load.apply: Def.make(settings)... took 72.6941ms
[debug]   Load.apply: structureIndex took 16.1465ms
[debug]   Load.apply: mkStreams took 0.0019ms
[info] loading global plugins from C:\Users\d.takahashi\.sbt\1.0\plugins
[debug] Running task... Cancel: Signal, check cycles: false, forcegc: true
[debug] Load.defaultLoad until apply took 348.1667ms
[debug]           Load.loadUnit: plugins took 25.3481ms
[debug]           Load.loadUnit: defsScala took 0.0027ms
[debug] [Loading] Scanning directory C:\Users\d.takahashi\Document\Projects\cs\nand2tetris\machineLangParser\project
[debug]             Load.loadUnit: mkEval took 0.6933ms
[debug] [Loading] Found non-root projects 
[debug] [Loading] Done in C:\Users\d.takahashi\Document\Projects\cs\nand2tetris\machineLangParser\project, returning: ()
[debug] deducing auto plugins based on known facts Set(Atom(sbt.plugins.CorePlugin)) and clauses Clauses(Clause(Atom(sbt.plugins.JvmPlugin),Set(Atom(sbt.plugins.IvyPlugin)))
[debug] Clause(Atom(sbt.ScriptedPlugin),Set(Atom(sbt.plugins.JvmPlugin)))
[debug] Clause(Atom(sbt.plugins.SbtPlugin),Set(Atom(sbt.ScriptedPlugin)))
[debug] Clause(Atom(sbt.plugins.SemanticdbPlugin),Set(Atom(sbt.plugins.JvmPlugin)))
[debug] Clause(Atom(sbt.plugins.JUnitXmlReportPlugin),Set(Atom(sbt.plugins.JvmPlugin)))
[debug] Clause(Atom(sbt.plugins.MiniDependencyTreePlugin),Set(Atom(sbt.plugins.JvmPlugin)))
[debug] Clause(Atom(sbt.plugins.CorePlugin),Set(Atom(sbt.plugins.IvyPlugin)))
[debug] Clause(Atom(sbt.plugins.IvyPlugin),Set(Atom(sbt.plugins.JvmPlugin)))
[debug] Clause(Atom(sbt.plugins.JvmPlugin),Set(Atom(sbt.plugins.SemanticdbPlugin)))
[debug] Clause(Atom(sbt.plugins.JvmPlugin),Set(Atom(sbt.plugins.JUnitXmlReportPlugin)))
[debug] Clause(Atom(sbt.plugins.CorePlugin),Set(Atom(sbt.plugins.Giter8TemplatePlugin)))
[debug] Clause(Atom(sbt.plugins.JvmPlugin),Set(Atom(sbt.plugins.MiniDependencyTreePlugin))))
[debug]   :: deduced result: Matched(sbt.plugins.CorePlugin,sbt.plugins.Giter8TemplatePlugin,sbt.plugins.IvyPlugin,sbt.plugins.JvmPlugin,sbt.plugins.MiniDependencyTreePlugin,sbt.plugins.JUnitXmlReportPlugin,sbt.plugins.SemanticdbPlugin)
[debug] Plugins.deducer#function took 1.0811 ms
[info] loading settings for project machinelangparser-build from plugins.sbt,idea1.sbt ...
[debug]               Load.resolveProject(machinelangparser-build) took 1.2102ms
[debug]             Load.loadTransitive: finalizeProject(Project(id machinelangparser-build, base: C:\Users\d.takahashi\Document\Projects\cs\nand2tetris\machineLangParser\project, plugins: List(<none>))) took 2.6047ms
[debug] [Loading] Done in C:\Users\d.takahashi\Document\Projects\cs\nand2tetris\machineLangParser\project, returning: (machinelangparser-build)
[debug]           Load.loadUnit: loadedProjectsRaw took 25.2959ms
[debug]           Load.loadUnit: cleanEvalClasses took 4.9781ms
[debug]         Load.loadUnit(file:/C:/Users/d.takahashi/Document/Projects/cs/nand2tetris/machineLangParser/project/, ...) took 56.7482ms
[debug]       Load.apply: load took 58.4385ms
[debug]       Load.apply: resolveProjects took 0.1014ms
[debug]       Load.apply: finalTransforms took 4.7093ms
[debug]       Load.apply: config.delegates took 0.2276ms
[debug]       Load.apply: Def.make(settings)... took 53.3233ms
[debug]       Load.apply: structureIndex took 14.7814ms
[debug]       Load.apply: mkStreams took 0.0018ms
[info] loading project definition from C:\Users\d.takahashi\Document\Projects\cs\nand2tetris\machineLangParser\project
[debug] Running task... Cancel: Signal, check cycles: false, forcegc: true
[debug]     Load.loadUnit: plugins took 363.6264ms
[debug]     Load.loadUnit: defsScala took 0.0026ms
[debug] [Loading] Scanning directory C:\Users\d.takahashi\Document\Projects\cs\nand2tetris\machineLangParser
[debug]       Load.loadUnit: mkEval took 0.4255ms
[debug] [Loading] Found root project root w/ remaining 
[debug] deducing auto plugins based on known facts Set(Atom(sbt.plugins.CorePlugin)) and clauses Clauses(Clause(Atom(sbt.plugins.JvmPlugin),Set(Atom(sbt.plugins.IvyPlugin)))
[debug] Clause(Atom(sbt.ScriptedPlugin),Set(Atom(sbt.plugins.JvmPlugin)))
[debug] Clause(Atom(sbt.plugins.SbtPlugin),Set(Atom(sbt.ScriptedPlugin)))
[debug] Clause(Atom(sbt.plugins.SemanticdbPlugin),Set(Atom(sbt.plugins.JvmPlugin)))
[debug] Clause(Atom(sbt.plugins.JUnitXmlReportPlugin),Set(Atom(sbt.plugins.JvmPlugin)))
[debug] Clause(Atom(sbt.plugins.MiniDependencyTreePlugin),Set(Atom(sbt.plugins.JvmPlugin)))
[debug] Clause(Atom(org.jetbrains.sbt.StructurePlugin),Set(Atom(sbt.plugins.JvmPlugin)))
[debug] Clause(Atom(org.jetbrains.sbt.IdeaShellPlugin),Set(Atom(sbt.plugins.JvmPlugin)))
[debug] Clause(Atom(org.jetbrains.sbt.indices.SbtIntellijIndicesPlugin),Set(Atom(sbt.plugins.JvmPlugin)))
[debug] Clause(Atom(sbt.plugins.CorePlugin),Set(Atom(sbt.plugins.IvyPlugin)))
[debug] Clause(Atom(sbt.plugins.IvyPlugin),Set(Atom(sbt.plugins.JvmPlugin)))
[debug] Clause(Atom(sbt.plugins.JvmPlugin),Set(Atom(sbt.plugins.SemanticdbPlugin)))
[debug] Clause(Atom(sbt.plugins.JvmPlugin),Set(Atom(sbt.plugins.JUnitXmlReportPlugin)))
[debug] Clause(Atom(sbt.plugins.CorePlugin),Set(Atom(sbt.plugins.Giter8TemplatePlugin)))
[debug] Clause(Atom(sbt.plugins.JvmPlugin),Set(Atom(sbt.plugins.MiniDependencyTreePlugin)))
[debug] Clause(Atom(sbt.plugins.JvmPlugin),Set(Atom(org.jetbrains.sbt.StructurePlugin)))
[debug] Clause(Atom(sbt.plugins.JvmPlugin),Set(Atom(org.jetbrains.sbt.IdeaShellPlugin)))
[debug] Clause(And(Set(Atom(sbt.plugins.CorePlugin), Atom(sbt.plugins.JvmPlugin))),Set(Atom(org.jetbrains.sbt.indices.SbtIntellijIndicesPlugin))))
[debug]   :: deduced result: Matched(sbt.plugins.CorePlugin,sbt.plugins.Giter8TemplatePlugin,sbt.plugins.IvyPlugin,sbt.plugins.JvmPlugin,sbt.plugins.SemanticdbPlugin,org.jetbrains.sbt.indices.SbtIntellijIndicesPlugin,sbt.plugins.JUnitXmlReportPlugin,org.jetbrains.sbt.IdeaShellPlugin,org.jetbrains.sbt.StructurePlugin,sbt.plugins.MiniDependencyTreePlugin)
[debug] Plugins.deducer#function took 1.4762 ms
[info] loading settings for project root from build.sbt ...
[debug]         Load.resolveProject(root) took 26.5712ms
[debug]       Load.loadTransitive: finalizeProject(Project(id root, base: C:\Users\d.takahashi\Document\Projects\cs\nand2tetris\machineLangParser, plugins: List(<none>))) took 28.6036ms
[debug] [Loading] Done in C:\Users\d.takahashi\Document\Projects\cs\nand2tetris\machineLangParser, returning: (root)
[debug]     Load.loadUnit: loadedProjectsRaw took 107.4482ms
[debug]     Load.loadUnit: cleanEvalClasses took 26.2261ms
[debug]   Load.loadUnit(file:/C:/Users/d.takahashi/Document/Projects/cs/nand2tetris/machineLangParser/, ...) took 498.4554ms
[debug] Load.apply: load took 500.0854ms
[debug] Load.apply: resolveProjects took 0.0934ms
[debug] Load.apply: finalTransforms took 13.3565ms
[debug] Load.apply: config.delegates took 0.2411ms
[debug] Load.apply: Def.make(settings)... took 53.5851ms
[debug] Load.apply: structureIndex took 12.5954ms
[debug] Load.apply: mkStreams took 0.0019ms
[warn] Discarding 1 session setting.  Use 'session save' to persist session settings.
[info] set current project to machineLangParser (in build file:/C:/Users/d.takahashi/Document/Projects/cs/nand2tetris/machineLangParser/)
[debug] > Exec(sbtPopOnFailure, None, None)
[debug] > Exec(resumeFromFailure, None, None)
[debug] > Exec(set _root_.org.jetbrains.sbt.StructureKeys.sbtStructureOptions in Global := "download", None, None)
[info] Defining Global / sbtStructureOptions
[info] The new value will be used by Global / ssOptions
[debug] Defining 
[debug] 	Global / sbtStructureOptions
[debug] 
[debug] The new value will be used by 
[debug] 	Global / ssOptions
[info] Reapplying settings...
[info] set current project to machineLangParser (in build file:/C:/Users/d.takahashi/Document/Projects/cs/nand2tetris/machineLangParser/)
[debug] > Exec(preferScala2, None, None)
[debug] > Exec(*/*:dumpStructureTo C:/Users/d.takahashi/AppData/Local/Temp/sbt-structure.xml, None, None)
[debug] Evaluating tasks: Global / dumpStructureTo
[warn] sbt 0.13 shell syntax is deprecated; use slash syntax instead: Global / dumpStructureTo
[debug] Running task... Cancel: Signal, check cycles: false, forcegc: true
[info] Writing structure to C:\Users\d.takahashi\AppData\Local\Temp\sbt-structure.xml...
[info] Done.
[success] Total time: 0 s, completed 2022/04/22 15:56:43
[debug] > Exec(session clear-all, None, None)
[info] Reapplying settings...
[info] set current project to machineLangParser (in build file:/C:/Users/d.takahashi/Document/Projects/cs/nand2tetris/machineLangParser/)
[debug] > Exec(idea-shell, None, None)
[debug] > Exec(, None, None)
[debug] > Exec(idea-shell, None, None)
