[0m[[0m[0mdebug[0m] [0m[0m> Exec(;Test/compile; collectAnalyses, None, Some(CommandSource(network-1)))[0m
[0m[[0m[0mdebug[0m] [0m[0munmatched Processing event for requestId None: None[0m
[0m[[0m[0mdebug[0m] [0m[0munmatched Done event for requestId None: None[0m
[0m[[0m[0mdebug[0m] [0m[0m> Exec(Test/compile, None, Some(CommandSource(network-1)))[0m
[0m[[0m[0mdebug[0m] [0m[0munmatched Processing event for requestId None: None[0m
[0m[[0m[0mdebug[0m] [0m[0mEvaluating tasks: Test / compile[0m
[0m[[0m[0mdebug[0m] [0m[0mRunning task... Cancel: Signal, check cycles: false, forcegc: true[0m
[0m[[0m[0mdebug[0m] [0m[0mjsonRpcNotify: JsonRpcNotificationMessage(2.0, build/taskStart, {"taskId":{"id":"4","parents":[]},"eventTime":1653123246325,"message":"Compiling root","dataKind":"compile-task","data":{"target":{"uri":"file:/Users/peace/Projects/Learning/cs/nand2tetris/assembler_ver.1.1/#root/Compile"}}})[0m
[0m[[0m[0minfo[0m] [0m[0mcompiling 1 Scala source to /Users/peace/Projects/Learning/cs/nand2tetris/assembler_ver.1.1/target/scala-3.1.2/classes ...[0m
[0m[[0m[0mdebug[0m] [0m[0mjsonRpcNotify: JsonRpcNotificationMessage(2.0, build/logMessage, {"type":3,"message":"compiling 1 Scala source to /Users/peace/Projects/Learning/cs/nand2tetris/assembler_ver.1.1/target/scala-3.1.2/classes ..."})[0m
[0m[[0m[0mdebug[0m] [0m[0mjsonRpcNotify: JsonRpcNotificationMessage(2.0, build/publishDiagnostics, {"textDocument":{"uri":"file:///Users/peace/Projects/Learning/cs/nand2tetris/assembler_ver.1.1/src/main/scala/assembler/module/SymbolTableModule.scala"},"buildTarget":{"uri":"file:/Users/peace/Projects/Learning/cs/nand2tetris/assembler_ver.1.1/#root/Compile"},"diagnostics":[],"reset":true})[0m
[0m[[0m[0mdebug[0m] [0m[0mjsonRpcNotify: JsonRpcNotificationMessage(2.0, build/publishDiagnostics, {"textDocument":{"uri":"file:///Users/peace/Projects/Learning/cs/nand2tetris/assembler_ver.1.1/src/main/scala/lib/BinaryConvertor.scala"},"buildTarget":{"uri":"file:/Users/peace/Projects/Learning/cs/nand2tetris/assembler_ver.1.1/#root/Compile"},"diagnostics":[],"reset":true})[0m
[0m[[0m[0mdebug[0m] [0m[0mjsonRpcNotify: JsonRpcNotificationMessage(2.0, build/publishDiagnostics, {"textDocument":{"uri":"file:///Users/peace/Projects/Learning/cs/nand2tetris/assembler_ver.1.1/src/main/scala/lib/syntax/StringSyntax.scala"},"buildTarget":{"uri":"file:/Users/peace/Projects/Learning/cs/nand2tetris/assembler_ver.1.1/#root/Compile"},"diagnostics":[],"reset":true})[0m
[0m[[0m[0mdebug[0m] [0m[0mjsonRpcNotify: JsonRpcNotificationMessage(2.0, build/publishDiagnostics, {"textDocument":{"uri":"file:///Users/peace/Projects/Learning/cs/nand2tetris/assembler_ver.1.1/src/main/scala/lib/conversions/IntConversion.scala"},"buildTarget":{"uri":"file:/Users/peace/Projects/Learning/cs/nand2tetris/assembler_ver.1.1/#root/Compile"},"diagnostics":[],"reset":true})[0m
[0m[[0m[0mdebug[0m] [0m[0mjsonRpcNotify: JsonRpcNotificationMessage(2.0, build/publishDiagnostics, {"textDocument":{"uri":"file:///Users/peace/Projects/Learning/cs/nand2tetris/assembler_ver.1.1/src/main/scala/lib/syntax/OptionSyntax.scala"},"buildTarget":{"uri":"file:/Users/peace/Projects/Learning/cs/nand2tetris/assembler_ver.1.1/#root/Compile"},"diagnostics":[],"reset":true})[0m
[0m[[0m[0mdebug[0m] [0m[0mjsonRpcNotify: JsonRpcNotificationMessage(2.0, build/publishDiagnostics, {"textDocument":{"uri":"file:///Users/peace/Projects/Learning/cs/nand2tetris/assembler_ver.1.1/src/main/scala/assembler/module/ParserModule.scala"},"buildTarget":{"uri":"file:/Users/peace/Projects/Learning/cs/nand2tetris/assembler_ver.1.1/#root/Compile"},"diagnostics":[],"reset":true})[0m
[0m[[0m[0mdebug[0m] [0m[0mjsonRpcNotify: JsonRpcNotificationMessage(2.0, build/publishDiagnostics, {"textDocument":{"uri":"file:///Users/peace/Projects/Learning/cs/nand2tetris/assembler_ver.1.1/src/main/scala/lib/StrictOne.scala"},"buildTarget":{"uri":"file:/Users/peace/Projects/Learning/cs/nand2tetris/assembler_ver.1.1/#root/Compile"},"diagnostics":[],"reset":true})[0m
[0m[[0m[0mdebug[0m] [0m[0mjsonRpcNotify: JsonRpcNotificationMessage(2.0, build/publishDiagnostics, {"textDocument":{"uri":"file:///Users/peace/Projects/Learning/cs/nand2tetris/assembler_ver.1.1/src/main/scala/lib/syntax/IntSyntax.scala"},"buildTarget":{"uri":"file:/Users/peace/Projects/Learning/cs/nand2tetris/assembler_ver.1.1/#root/Compile"},"diagnostics":[],"reset":true})[0m
[0m[[0m[0mdebug[0m] [0m[0mjsonRpcNotify: JsonRpcNotificationMessage(2.0, build/publishDiagnostics, {"textDocument":{"uri":"file:///Users/peace/Projects/Learning/cs/nand2tetris/assembler_ver.1.1/src/main/scala/lib/conversions/StringConversion.scala"},"buildTarget":{"uri":"file:/Users/peace/Projects/Learning/cs/nand2tetris/assembler_ver.1.1/#root/Compile"},"diagnostics":[],"reset":true})[0m
[0m[[0m[0mdebug[0m] [0m[0mjsonRpcNotify: JsonRpcNotificationMessage(2.0, build/publishDiagnostics, {"textDocument":{"uri":"file:///Users/peace/Projects/Learning/cs/nand2tetris/assembler_ver.1.1/src/main/scala/assembler/Main.scala"},"buildTarget":{"uri":"file:/Users/peace/Projects/Learning/cs/nand2tetris/assembler_ver.1.1/#root/Compile"},"diagnostics":[],"reset":true})[0m
[0m[[0m[0mdebug[0m] [0m[0mjsonRpcNotify: JsonRpcNotificationMessage(2.0, build/publishDiagnostics, {"textDocument":{"uri":"file:///Users/peace/Projects/Learning/cs/nand2tetris/assembler_ver.1.1/src/main/scala/assembler/data/AssemblyLine.scala"},"buildTarget":{"uri":"file:/Users/peace/Projects/Learning/cs/nand2tetris/assembler_ver.1.1/#root/Compile"},"diagnostics":[],"reset":true})[0m
[0m[[0m[0mdebug[0m] [0m[0mjsonRpcNotify: JsonRpcNotificationMessage(2.0, build/publishDiagnostics, {"textDocument":{"uri":"file:///Users/peace/Projects/Learning/cs/nand2tetris/assembler_ver.1.1/src/main/scala/assembler/data/Mnemonic.scala"},"buildTarget":{"uri":"file:/Users/peace/Projects/Learning/cs/nand2tetris/assembler_ver.1.1/#root/Compile"},"diagnostics":[],"reset":true})[0m
[0m[[0m[0mdebug[0m] [0m[0mjsonRpcNotify: JsonRpcNotificationMessage(2.0, build/publishDiagnostics, {"textDocument":{"uri":"file:///Users/peace/Projects/Learning/cs/nand2tetris/assembler_ver.1.1/src/main/scala/assembler/data/Symbol.scala"},"buildTarget":{"uri":"file:/Users/peace/Projects/Learning/cs/nand2tetris/assembler_ver.1.1/#root/Compile"},"diagnostics":[],"reset":true})[0m
[0m[[0m[0mdebug[0m] [0m[0mjsonRpcNotify: JsonRpcNotificationMessage(2.0, build/taskFinish, {"taskId":{"id":"4","parents":[]},"eventTime":1653123249155,"message":"Compiled root","status":1,"dataKind":"compile-report","data":{"target":{"uri":"file:/Users/peace/Projects/Learning/cs/nand2tetris/assembler_ver.1.1/#root/Compile"},"errors":0,"warnings":0,"time":2830}})[0m
[0m[[0m[0mdebug[0m] [0m[0mjsonRpcNotify: JsonRpcNotificationMessage(2.0, build/taskStart, {"taskId":{"id":"5","parents":[]},"eventTime":1653123249248,"message":"Compiling root-test","dataKind":"compile-task","data":{"target":{"uri":"file:/Users/peace/Projects/Learning/cs/nand2tetris/assembler_ver.1.1/#root/Test"}}})[0m
[0m[[0m[0mdebug[0m] [0m[0mjsonRpcNotify: JsonRpcNotificationMessage(2.0, build/publishDiagnostics, {"textDocument":{"uri":"file:///Users/peace/Projects/Learning/cs/nand2tetris/assembler_ver.1.1/src/test/scala/assembler/module/SymbolTableModule.scala"},"buildTarget":{"uri":"file:/Users/peace/Projects/Learning/cs/nand2tetris/assembler_ver.1.1/#root/Test"},"diagnostics":[],"reset":true})[0m
[0m[[0m[0mdebug[0m] [0m[0mjsonRpcNotify: JsonRpcNotificationMessage(2.0, build/publishDiagnostics, {"textDocument":{"uri":"file:///Users/peace/Projects/Learning/cs/nand2tetris/assembler_ver.1.1/src/test/scala/assembler/data/SymbolSpec.scala"},"buildTarget":{"uri":"file:/Users/peace/Projects/Learning/cs/nand2tetris/assembler_ver.1.1/#root/Test"},"diagnostics":[],"reset":true})[0m
[0m[[0m[0mdebug[0m] [0m[0mjsonRpcNotify: JsonRpcNotificationMessage(2.0, build/publishDiagnostics, {"textDocument":{"uri":"file:///Users/peace/Projects/Learning/cs/nand2tetris/assembler_ver.1.1/src/test/scala/lib/syntax/IntSyntaxSpec.scala"},"buildTarget":{"uri":"file:/Users/peace/Projects/Learning/cs/nand2tetris/assembler_ver.1.1/#root/Test"},"diagnostics":[],"reset":true})[0m
[0m[[0m[0mdebug[0m] [0m[0mjsonRpcNotify: JsonRpcNotificationMessage(2.0, build/publishDiagnostics, {"textDocument":{"uri":"file:///Users/peace/Projects/Learning/cs/nand2tetris/assembler_ver.1.1/src/test/scala/assembler/data/MnemonicSpec.scala"},"buildTarget":{"uri":"file:/Users/peace/Projects/Learning/cs/nand2tetris/assembler_ver.1.1/#root/Test"},"diagnostics":[],"reset":true})[0m
[0m[[0m[0mdebug[0m] [0m[0mjsonRpcNotify: JsonRpcNotificationMessage(2.0, build/publishDiagnostics, {"textDocument":{"uri":"file:///Users/peace/Projects/Learning/cs/nand2tetris/assembler_ver.1.1/src/test/scala/assembler/module/ParserModuleSpec.scala"},"buildTarget":{"uri":"file:/Users/peace/Projects/Learning/cs/nand2tetris/assembler_ver.1.1/#root/Test"},"diagnostics":[],"reset":true})[0m
[0m[[0m[0mdebug[0m] [0m[0mjsonRpcNotify: JsonRpcNotificationMessage(2.0, build/publishDiagnostics, {"textDocument":{"uri":"file:///Users/peace/Projects/Learning/cs/nand2tetris/assembler_ver.1.1/src/test/scala/assembler/data/AssemblyLineSpec.scala"},"buildTarget":{"uri":"file:/Users/peace/Projects/Learning/cs/nand2tetris/assembler_ver.1.1/#root/Test"},"diagnostics":[],"reset":true})[0m
[0m[[0m[0mdebug[0m] [0m[0mjsonRpcNotify: JsonRpcNotificationMessage(2.0, build/publishDiagnostics, {"textDocument":{"uri":"file:///Users/peace/Projects/Learning/cs/nand2tetris/assembler_ver.1.1/src/test/scala/lib/syntax/OptionSyntaxSpec.scala"},"buildTarget":{"uri":"file:/Users/peace/Projects/Learning/cs/nand2tetris/assembler_ver.1.1/#root/Test"},"diagnostics":[],"reset":true})[0m
[0m[[0m[0mdebug[0m] [0m[0mjsonRpcNotify: JsonRpcNotificationMessage(2.0, build/publishDiagnostics, {"textDocument":{"uri":"file:///Users/peace/Projects/Learning/cs/nand2tetris/assembler_ver.1.1/src/test/scala/lib/syntax/StringSyntaxSpec.scala"},"buildTarget":{"uri":"file:/Users/peace/Projects/Learning/cs/nand2tetris/assembler_ver.1.1/#root/Test"},"diagnostics":[],"reset":true})[0m
[0m[[0m[0mdebug[0m] [0m[0mjsonRpcNotify: JsonRpcNotificationMessage(2.0, build/taskFinish, {"taskId":{"id":"5","parents":[]},"eventTime":1653123249327,"message":"Compiled root-test","status":1,"dataKind":"compile-report","data":{"target":{"uri":"file:/Users/peace/Projects/Learning/cs/nand2tetris/assembler_ver.1.1/#root/Test"},"errors":0,"warnings":0,"time":79}})[0m
[0m[[0m[0mdebug[0m] [0m[0mForcing garbage collection...[0m
[0m[[0m[32msuccess[0m] [0m[0mTotal time: 4 s, completed 2022/05/21 17:54:09[0m
[0m[[0m[0mdebug[0m] [0m[0munmatched Done event for requestId None: None[0m
[0m[[0m[0mdebug[0m] [0m[0m> Exec(collectAnalyses, None, Some(CommandSource(network-1)))[0m
[0m[[0m[0mdebug[0m] [0m[0munmatched Processing event for requestId None: None[0m
[0m[[0m[0mdebug[0m] [0m[0mEvaluating tasks: Compile / collectAnalyses[0m
[0m[[0m[0mdebug[0m] [0m[0mRunning task... Cancel: Signal, check cycles: false, forcegc: true[0m
[0m[[0m[0mdebug[0m] [0m[0manalysis location (/Users/peace/Projects/Learning/cs/nand2tetris/assembler_ver.1.1/target/scala-3.1.2/zinc/inc_compile_3.zip,true)[0m
[0m[[0m[32msuccess[0m] [0m[0mTotal time: 0 s, completed 2022/05/21 17:54:09[0m
[0m[[0m[0mdebug[0m] [0m[0munmatched Done event for requestId None: None[0m
[0m[[0m[0mdebug[0m] [0m[0m> Exec(shell, None, None)[0m
[0m[[0m[0mdebug[0m] [0m[0mUnhandled request received: shutdown: JsonRpcRequestMessage(2.0, ♨3, shutdown, null})[0m
